#
# There is insufficient memory for the Java Runtime Environment to continue.
# Native memory allocation (malloc) failed to allocate 1090416 bytes for Chunk::new
# Possible reasons:
#   The system is out of physical RAM or swap space
#   In 32 bit mode, the process size limit was hit
# Possible solutions:
#   Reduce memory load on the system
#   Increase physical memory or swap space
#   Check if swap backing store is full
#   Use 64 bit Java on a 64 bit OS
#   Decrease Java heap size (-Xmx/-Xms)
#   Decrease number of Java threads
#   Decrease Java thread stack sizes (-Xss)
#   Set larger code cache with -XX:ReservedCodeCacheSize=
# This output file may be truncated or incomplete.
#
#  Out of Memory Error (allocation.cpp:390), pid=1344, tid=5956
#
# JRE version: Java(TM) SE Runtime Environment (8.0_51-b16) (build 1.8.0_51-b16)
# Java VM: Java HotSpot(TM) 64-Bit Server VM (25.51-b03 mixed mode windows-amd64 compressed oops)
# Failed to write core dump. Minidumps are not enabled by default on client versions of Windows
#

---------------  T H R E A D  ---------------

Current thread (0x0000000015582800):  JavaThread "C2 CompilerThread1" daemon [_thread_in_native, id=5956, stack(0x0000000016bd0000,0x0000000016cd0000)]

Stack: [0x0000000016bd0000,0x0000000016cd0000]
Native frames: (J=compiled Java code, j=interpreted, Vv=VM code, C=native code)
V  [jvm.dll+0x32b4ca]
V  [jvm.dll+0x2797e3]
V  [jvm.dll+0x27a479]
V  [jvm.dll+0x271765]
V  [jvm.dll+0xcba02]
V  [jvm.dll+0xcbecc]
V  [jvm.dll+0x476f72]
V  [jvm.dll+0x4b95ff]
V  [jvm.dll+0x46b9bf]
V  [jvm.dll+0x46cd4e]
V  [jvm.dll+0x4501a2]
V  [jvm.dll+0xa43a2]
V  [jvm.dll+0xa4cdf]
V  [jvm.dll+0x2418a4]
V  [jvm.dll+0x29846a]
C  [msvcr100.dll+0x21d9f]
C  [msvcr100.dll+0x21e3b]
C  [KERNEL32.DLL+0x18102]
C  [ntdll.dll+0x5c5b4]


Current CompileTask:
C2:   1828 1054   !   4       com.android.dx.cf.code.BytecodeArray::parseInstruction (2764 bytes)


---------------  P R O C E S S  ---------------

Java Threads: ( => current thread )
  0x0000000016f49800 JavaThread "pool-2-thread-4" [_thread_blocked, id=7724, stack(0x00000000177d0000,0x00000000178d0000)]
  0x0000000016e21000 JavaThread "pool-2-thread-3" [_thread_in_Java, id=7316, stack(0x00000000176d0000,0x00000000177d0000)]
  0x0000000016e20000 JavaThread "pool-2-thread-2" [_thread_blocked, id=3704, stack(0x00000000175d0000,0x00000000176d0000)]
  0x0000000016e6a000 JavaThread "pool-3-thread-1" [_thread_blocked, id=4248, stack(0x00000000174d0000,0x00000000175d0000)]
  0x0000000016e65800 JavaThread "pool-2-thread-1" [_thread_blocked, id=3696, stack(0x00000000173d0000,0x00000000174d0000)]
  0x0000000016cde800 JavaThread "Service Thread" daemon [_thread_blocked, id=6232, stack(0x00000000171d0000,0x00000000172d0000)]
  0x00000000155de800 JavaThread "C1 CompilerThread2" daemon [_thread_blocked, id=2800, stack(0x00000000170d0000,0x00000000171d0000)]
=>0x0000000015582800 JavaThread "C2 CompilerThread1" daemon [_thread_in_native, id=5956, stack(0x0000000016bd0000,0x0000000016cd0000)]
  0x000000001557f000 JavaThread "C2 CompilerThread0" daemon [_thread_in_native, id=4428, stack(0x0000000016ad0000,0x0000000016bd0000)]
  0x000000001557b800 JavaThread "Attach Listener" daemon [_thread_blocked, id=3716, stack(0x00000000169d0000,0x0000000016ad0000)]
  0x000000001557a000 JavaThread "Signal Dispatcher" daemon [_thread_blocked, id=2536, stack(0x00000000168d0000,0x00000000169d0000)]
  0x0000000002ea1000 JavaThread "Finalizer" daemon [_thread_blocked, id=5628, stack(0x00000000167d0000,0x00000000168d0000)]
  0x0000000002e9e800 JavaThread "Reference Handler" daemon [_thread_blocked, id=2788, stack(0x00000000166d0000,0x00000000167d0000)]
  0x0000000002bad800 JavaThread "main" [_thread_in_native, id=3108, stack(0x0000000002cb0000,0x0000000002db0000)]

Other Threads:
  0x0000000015547800 VMThread [stack: 0x00000000165d0000,0x00000000166d0000] [id=1744]
  0x0000000016ce0000 WatcherThread [stack: 0x00000000172d0000,0x00000000173d0000] [id=7360]

VM state:not at safepoint (normal execution)

VM Mutex/Monitor currently owned by a thread: None

Heap:
 PSYoungGen      total 38400K, used 24001K [0x00000000eab00000, 0x00000000ed580000, 0x0000000100000000)
  eden space 33280K, 72% used [0x00000000eab00000,0x00000000ec2704b8,0x00000000ecb80000)
  from space 5120K, 0% used [0x00000000ed080000,0x00000000ed080000,0x00000000ed580000)
  to   space 5120K, 0% used [0x00000000ecb80000,0x00000000ecb80000,0x00000000ed080000)
 ParOldGen       total 87552K, used 0K [0x00000000c0000000, 0x00000000c5580000, 0x00000000eab00000)
  object space 87552K, 0% used [0x00000000c0000000,0x00000000c0000000,0x00000000c5580000)
 Metaspace       used 5802K, capacity 6832K, committed 7040K, reserved 1056768K
  class space    used 583K, capacity 616K, committed 640K, reserved 1048576K

Card table byte_map: [0x0000000012270000,0x0000000012480000] byte_map_base: 0x0000000011c70000

Marking Bits: (ParMarkBitMap*) 0x0000000057f14040
 Begin Bits: [0x00000000129e0000, 0x00000000139e0000)
 End Bits:   [0x00000000139e0000, 0x00000000149e0000)

Polling page: 0x0000000001070000

CodeCache: size=245760Kb used=4490Kb max_used=4490Kb free=241269Kb
 bounds [0x0000000002eb0000, 0x0000000003320000, 0x0000000011eb0000]
 total_blobs=1403 nmethods=1134 adapters=182
 compilation: enabled

Compilation events (10 events):
Event: 1.524 Thread 0x00000000155de800 1082       1       com.android.dx.ssa.SsaMethod::getParamWidth (5 bytes)
Event: 1.524 Thread 0x00000000155de800 nmethod 1082 0x00000000032cbb50 code [0x00000000032cbca0, 0x00000000032cbdb0]
Event: 1.524 Thread 0x00000000155de800 1084       3       com.android.dx.dex.code.RopTranslator::access$000 (5 bytes)
Event: 1.524 Thread 0x00000000155de800 nmethod 1084 0x00000000032e4ad0 code [0x00000000032e4c40, 0x00000000032e4ea8]
Event: 1.524 Thread 0x00000000155de800 1085       3       com.android.dx.dex.code.RopTranslator::getRegs (9 bytes)
Event: 1.524 Thread 0x00000000155de800 nmethod 1085 0x00000000032e4690 code [0x00000000032e4800, 0x00000000032e4a08]
Event: 1.524 Thread 0x00000000155de800 1076       1       com.android.dx.cf.iface.StdMethod::getEffectiveDescriptor (5 bytes)
Event: 1.524 Thread 0x00000000155de800 nmethod 1076 0x00000000032e43d0 code [0x00000000032e4520, 0x00000000032e4630]
Event: 1.524 Thread 0x00000000155de800 1079       1       com.android.dx.ssa.SsaMethod::getEntryBlockIndex (5 bytes)
Event: 1.524 Thread 0x00000000155de800 nmethod 1079 0x00000000032e4110 code [0x00000000032e4260, 0x00000000032e4370]

GC Heap History (0 events):
No events

Deoptimization events (10 events):
Event: 0.580 Thread 0x0000000016e20000 Uncommon trap: reason=class_check action=maybe_recompile pc=0x000000000306b594 method=com.android.dx.rop.cst.Constant.compareTo(Ljava/lang/Object;)I @ 2
Event: 0.580 Thread 0x0000000016e20000 Uncommon trap: reason=unstable_if action=reinterpret pc=0x000000000306e5fc method=com.android.dx.rop.cst.CstMemberRef.compareTo0(Lcom/android/dx/rop/cst/Constant;)I @ 18
Event: 0.580 Thread 0x0000000016e20000 Uncommon trap: reason=unstable_if action=reinterpret pc=0x0000000003076374 method=com.android.dx.rop.cst.CstMemberRef.compareTo0(Lcom/android/dx/rop/cst/Constant;)I @ 18
Event: 0.824 Thread 0x0000000016e21000 Uncommon trap: reason=speculate_class_check action=maybe_recompile pc=0x0000000003107cac method=com.android.dx.rop.cst.Constant.compareTo(Lcom/android/dx/rop/cst/Constant;)I @ 29
Event: 0.825 Thread 0x0000000016e65800 Uncommon trap: reason=speculate_class_check action=maybe_recompile pc=0x0000000003107cac method=com.android.dx.rop.cst.Constant.compareTo(Lcom/android/dx/rop/cst/Constant;)I @ 29
Event: 0.825 Thread 0x0000000016e65800 Uncommon trap: reason=speculate_class_check action=maybe_recompile pc=0x0000000003107cac method=com.android.dx.rop.cst.Constant.compareTo(Lcom/android/dx/rop/cst/Constant;)I @ 29
Event: 0.826 Thread 0x0000000002bad800 Uncommon trap: reason=speculate_class_check action=maybe_recompile pc=0x0000000003107cac method=com.android.dx.rop.cst.Constant.compareTo(Lcom/android/dx/rop/cst/Constant;)I @ 29
Event: 0.838 Thread 0x0000000002bad800 Uncommon trap: reason=unstable_if action=reinterpret pc=0x0000000003117aa0 method=java.util.HashMap.getNode(ILjava/lang/Object;)Ljava/util/HashMap$Node; @ 129
Event: 1.110 Thread 0x0000000002bad800 Uncommon trap: reason=unstable_if action=reinterpret pc=0x00000000031344b0 method=java.util.BitSet.nextSetBit(I)I @ 87
Event: 1.115 Thread 0x0000000002bad800 Uncommon trap: reason=unstable_if action=reinterpret pc=0x000000000313dbf0 method=java.util.BitSet.ensureCapacity(I)V @ 6

Internal exceptions (2 events):
Event: 0.098 Thread 0x0000000002bad800 Exception <a 'java/lang/NoSuchMethodError': Method sun.misc.Unsafe.defineClass(Ljava/lang/String;[BII)Ljava/lang/Class; name or signature does not match> (0x00000000eab12ef8) thrown at [C:\re\workspace\8-2-build-windows-amd64-cygwin\jdk8u51\3951\hotspot\srÛaëºq	¹?
Event: 0.098 Thread 0x0000000002bad800 Exception <a 'java/lang/NoSuchMethodError': Method sun.misc.Unsafe.prefetchRead(Ljava/lang/Object;J)V name or signature does not match> (0x00000000eab13188) thrown at [C:\re\workspace\8-2-build-windows-amd64-cygwin\jdk8u51\3951\hotspot\src\share\vm\prims\j

Events (10 events):
Event: 1.076 Executing VM operation: ForceSafepoint
Event: 1.081 Executing VM operation: ForceSafepoint done
Event: 1.103 loading class com/android/dx/cf/code/BytecodeArray$ConstantParserVisitor
Event: 1.103 loading class com/android/dx/cf/code/BytecodeArray$ConstantParserVisitor done
Event: 1.110 Thread 0x0000000002bad800 Uncommon trap: trap_request=0xffffff65 fr.pc=0x00000000031344b0
Event: 1.110 Thread 0x0000000002bad800 DEOPT PACKING pc=0x00000000031344b0 sp=0x0000000002dadde0
Event: 1.110 Thread 0x0000000002bad800 DEOPT UNPACKING pc=0x0000000002ef582a sp=0x0000000002dadd78 mode 2
Event: 1.115 Thread 0x0000000002bad800 Uncommon trap: trap_request=0xffffff65 fr.pc=0x000000000313dbf0
Event: 1.115 Thread 0x0000000002bad800 DEOPT PACKING pc=0x000000000313dbf0 sp=0x0000000002dadc80
Event: 1.115 Thread 0x0000000002bad800 DEOPT UNPACKING pc=0x0000000002ef582a sp=0x0000000002dadbc0 mode 2


Dynamic libraries:
0x00007ff76edb0000 - 0x00007ff76ede7000 	C:\Program Files\Java\jdk1.8.0_51\bin\java.exe
0x00007ffd4c740000 - 0x00007ffd4c901000 	C:\WINDOWS\SYSTEM32\ntdll.dll
0x00007ffd4abc0000 - 0x00007ffd4ac6d000 	C:\WINDOWS\system32\KERNEL32.DLL
0x00007ffd498c0000 - 0x00007ffd49aa8000 	C:\WINDOWS\system32\KERNELBASE.dll
0x00007ffd4acd0000 - 0x00007ffd4ad77000 	C:\WINDOWS\system32\ADVAPI32.dll
0x00007ffd49b40000 - 0x00007ffd49bdd000 	C:\WINDOWS\system32\msvcrt.dll
0x00007ffd4ac70000 - 0x00007ffd4accb000 	C:\WINDOWS\system32\sechost.dll
0x00007ffd4c620000 - 0x00007ffd4c73c000 	C:\WINDOWS\system32\RPCRT4.dll
0x00007ffd4a170000 - 0x00007ffd4a2c6000 	C:\WINDOWS\system32\USER32.dll
0x00007ffd49f50000 - 0x00007ffd4a0d6000 	C:\WINDOWS\system32\GDI32.dll
0x00007ffd3db80000 - 0x00007ffd3ddf4000 	C:\WINDOWS\WinSxS\amd64_microsoft.windows.common-controls_6595b64144ccf1df_6.0.10586.0_none_8c15ae12515e1c22\COMCTL32.dll
0x00007ffd4c330000 - 0x00007ffd4c5ad000 	C:\WINDOWS\system32\combase.dll
0x00007ffd49ad0000 - 0x00007ffd49b3a000 	C:\WINDOWS\system32\bcryptPrimitives.dll
0x00007ffd4c2f0000 - 0x00007ffd4c32b000 	C:\WINDOWS\system32\IMM32.DLL
0x0000000057fa0000 - 0x0000000058072000 	C:\Program Files\Java\jdk1.8.0_51\jre\bin\msvcr100.dll
0x0000000057710000 - 0x0000000057f93000 	C:\Program Files\Java\jdk1.8.0_51\jre\bin\server\jvm.dll
0x00007ffd4ad80000 - 0x00007ffd4ad88000 	C:\WINDOWS\system32\PSAPI.DLL
0x00007ffd47550000 - 0x00007ffd47573000 	C:\WINDOWS\SYSTEM32\WINMM.dll
0x00007ffd3be00000 - 0x00007ffd3be0a000 	C:\WINDOWS\SYSTEM32\VERSION.dll
0x00007ffd45880000 - 0x00007ffd45889000 	C:\WINDOWS\SYSTEM32\WSOCK32.dll
0x00007ffd47350000 - 0x00007ffd4737c000 	C:\WINDOWS\SYSTEM32\WINMMBASE.dll
0x00007ffd48df0000 - 0x00007ffd48e33000 	C:\WINDOWS\system32\cfgmgr32.dll
0x00007ffd4aa80000 - 0x00007ffd4aaeb000 	C:\WINDOWS\system32\WS2_32.dll
0x0000000059310000 - 0x000000005931f000 	C:\Program Files\Java\jdk1.8.0_51\jre\bin\verify.dll
0x00000000592e0000 - 0x0000000059309000 	C:\Program Files\Java\jdk1.8.0_51\jre\bin\java.dll
0x00000000592c0000 - 0x00000000592d6000 	C:\Program Files\Java\jdk1.8.0_51\jre\bin\zip.dll
0x00007ffd4ad90000 - 0x00007ffd4c2ec000 	C:\WINDOWS\system32\SHELL32.dll
0x00007ffd49270000 - 0x00007ffd498b4000 	C:\WINDOWS\system32\windows.storage.dll
0x00007ffd49d30000 - 0x00007ffd49d82000 	C:\WINDOWS\system32\shlwapi.dll
0x00007ffd48d70000 - 0x00007ffd48d7f000 	C:\WINDOWS\system32\kernel.appcore.dll
0x00007ffd49150000 - 0x00007ffd49205000 	C:\WINDOWS\system32\shcore.dll
0x00007ffd48da0000 - 0x00007ffd48deb000 	C:\WINDOWS\system32\powrprof.dll
0x00007ffd48d80000 - 0x00007ffd48d94000 	C:\WINDOWS\system32\profapi.dll
0x00007ffd1ff50000 - 0x00007ffd200dc000 	C:\WINDOWS\SYSTEM32\dbghelp.dll

VM Arguments:
jvm_args: -Djava.awt.headless=true -Xmx1024M -Dfile.encoding=windows-1251 -Duser.country=RU -Duser.language=ru -Duser.variant 
java_command: com.android.dx.command.Main --dex --force-jumbo --num-threads=4 --multi-dex --output D:\Android_Projects\Shelter\app\build\intermediates\transforms\dex\debug\folders\1000\5\slice_2 D:\Android_Projects\Shelter\app\build\intermediates\transforms\instantRunSlicer\debug\folders\1\5\slice_2
java_class_path (initial): C:\Users\Wald\AppData\Local\Android\sdk\build-tools\25.0.0\lib\dx.jar
Launcher Type: SUN_STANDARD

Environment Variables:
JAVA_HOME=C:\NVPACK\jdk1.7.0_71
PATH=C:\ProgramData\Oracle\Java\javapath;C:\WINDOWS\system32;C:\WINDOWS;C:\WINDOWS\System32\Wbem;C:\WINDOWS\System32\WindowsPowerShell\v1.0\;C:\Program Files (x86)\ATI Technologies\ATI.ACE\Core-Static;C:\Program Files (x86)\AMD\ATI.ACE\Core-Static;C:\Program Files\Java\jdk1.8.0_51;C:\adb;C:\Program Files (x86)\Skype\Phone\;C:\WINDOWS\system32;C:\WINDOWS;C:\WINDOWS\System32\Wbem;C:\WINDOWS\System32\WindowsPowerShell\v1.0\;C:\Users\Wald\AppData\Local\Android\sdk\platform-tools;C:\Users\Wald\AppData\Local\Android\sdk\platform;C:\Users\Wald\AppData\Local\Android\sdk1\platform-tools;C:\Users\Wald\AppData\Local\Android\sdk1\platform;C:\Users\Wald\AppData\Local\Android\sdk;C:\Program Files (x86)\GtkSharp\2.12\bin;C:\SQLite;C:\Program Files\Git\cmd;C:\NVPACK\gradle-2.2.1\bin;C:\NVPACK\apache-ant-1.8.2\bin;C:\NVPACK\jdk1.7.0_71\bin;C:\NVPACK\android-ndk-r11c;C:\NVPACK\android-sdk-windows\build-tools;C:\NVPACK\android-sdk-windows\platform-tools;C:\NVPACK\android-sdk-windows\tools;C:\NVPACK\android-sdk-windows\extras\android\support;C:\Program Files\Java\jdk1.8.0_51
USERNAME=Wald
OS=Windows_NT
PROCESSOR_IDENTIFIER=Intel64 Family 6 Model 69 Stepping 1, GenuineIntel



---------------  S Y S T E M  ---------------

OS: Windows 10.0 , 64 bit Build 10586 (10.0.10586.0)

CPU:total 4 (2 cores per cpu, 2 threads per core) family 6 model 69 stepping 1, cmov, cx8, fxsr, mmx, sse, sse2, sse3, ssse3, sse4.1, sse4.2, popcnt, avx, avx2, aes, clmul, erms, lzcnt, ht, tsc, tscinvbit, bmi1, bmi2

Memory: 4k page, physical 8274284k(1222012k free), swap 8274284k(423364k free)

vm_info: Java HotSpot(TM) 64-Bit Server VM (25.51-b03) for windows-amd64 JRE (1.8.0_51-b16), built on Jun  8 2015 18:03:07 by "java_re" with MS VC++ 10.0 (VS2010)

time: Sat Mar 04 23:18:18 2017
elapsed time: 1 seconds (0d 0h 0m 1s)

