#
# There is insufficient memory for the Java Runtime Environment to continue.
# Native memory allocation (malloc) failed to allocate 297296 bytes for Chunk::new
# Possible reasons:
#   The system is out of physical RAM or swap space
#   In 32 bit mode, the process size limit was hit
# Possible solutions:
#   Reduce memory load on the system
#   Increase physical memory or swap space
#   Check if swap backing store is full
#   Use 64 bit Java on a 64 bit OS
#   Decrease Java heap size (-Xmx/-Xms)
#   Decrease number of Java threads
#   Decrease Java thread stack sizes (-Xss)
#   Set larger code cache with -XX:ReservedCodeCacheSize=
# This output file may be truncated or incomplete.
#
#  Out of Memory Error (allocation.cpp:390), pid=6372, tid=5896
#
# JRE version: Java(TM) SE Runtime Environment (8.0_51-b16) (build 1.8.0_51-b16)
# Java VM: Java HotSpot(TM) 64-Bit Server VM (25.51-b03 mixed mode windows-amd64 compressed oops)
# Failed to write core dump. Minidumps are not enabled by default on client versions of Windows
#

---------------  T H R E A D  ---------------

Current thread (0x00000000153a1000):  JavaThread "C2 CompilerThread1" daemon [_thread_in_native, id=5896, stack(0x00000000169a0000,0x0000000016aa0000)]

Stack: [0x00000000169a0000,0x0000000016aa0000]
Native frames: (J=compiled Java code, j=interpreted, Vv=VM code, C=native code)
V  [jvm.dll+0x32b4ca]


Current CompileTask:
C2:   4073 1576       4       com.android.dx.ssa.Dominators::compress (229 bytes)


---------------  P R O C E S S  ---------------

Java Threads: ( => current thread )
  0x0000000016d3c800 JavaThread "pool-2-thread-4" [_thread_blocked, id=3444, stack(0x00000000175a0000,0x00000000176a0000)]
  0x0000000016d3a000 JavaThread "pool-2-thread-3" [_thread_blocked, id=4528, stack(0x00000000174a0000,0x00000000175a0000)]
  0x0000000016d39000 JavaThread "pool-2-thread-2" [_thread_blocked, id=4564, stack(0x00000000173a0000,0x00000000174a0000)]
  0x0000000016d21000 JavaThread "pool-3-thread-1" [_thread_blocked, id=916, stack(0x00000000172a0000,0x00000000173a0000)]
  0x0000000016d71800 JavaThread "pool-2-thread-1" [_thread_blocked, id=3504, stack(0x00000000171a0000,0x00000000172a0000)]
  0x00000000153ad800 JavaThread "Service Thread" daemon [_thread_blocked, id=8060, stack(0x0000000016fa0000,0x00000000170a0000)]
  0x00000000153a7800 JavaThread "C1 CompilerThread2" daemon [_thread_blocked, id=4012, stack(0x0000000016ea0000,0x0000000016fa0000)]
=>0x00000000153a1000 JavaThread "C2 CompilerThread1" daemon [_thread_in_native, id=5896, stack(0x00000000169a0000,0x0000000016aa0000)]
  0x0000000015350000 JavaThread "C2 CompilerThread0" daemon [_thread_in_native, id=7816, stack(0x00000000168a0000,0x00000000169a0000)]
  0x000000001534c000 JavaThread "Attach Listener" daemon [_thread_blocked, id=6168, stack(0x00000000167a0000,0x00000000168a0000)]
  0x000000001534b000 JavaThread "Signal Dispatcher" daemon [_thread_blocked, id=7192, stack(0x00000000166a0000,0x00000000167a0000)]
  0x0000000002c76800 JavaThread "Finalizer" daemon [_thread_blocked, id=6232, stack(0x00000000165a0000,0x00000000166a0000)]
  0x0000000002c6d800 JavaThread "Reference Handler" daemon [_thread_blocked, id=2972, stack(0x00000000164a0000,0x00000000165a0000)]
  0x00000000012ed800 JavaThread "main" [_thread_in_Java, id=5672, stack(0x0000000002a80000,0x0000000002b80000)]

Other Threads:
  0x0000000015318800 VMThread [stack: 0x00000000163a0000,0x00000000164a0000] [id=4552]
  0x0000000016ab1000 WatcherThread [stack: 0x00000000170a0000,0x00000000171a0000] [id=5232]

VM state:not at safepoint (normal execution)

VM Mutex/Monitor currently owned by a thread: None

Heap:
 PSYoungGen      total 71680K, used 37259K [0x00000000eab00000, 0x00000000ef600000, 0x0000000100000000)
  eden space 66560K, 48% used [0x00000000eab00000,0x00000000eca64b10,0x00000000eec00000)
  from space 5120K, 99% used [0x00000000ef100000,0x00000000ef5fe2d0,0x00000000ef600000)
  to   space 5120K, 0% used [0x00000000eec00000,0x00000000eec00000,0x00000000ef100000)
 ParOldGen       total 87552K, used 3432K [0x00000000c0000000, 0x00000000c5580000, 0x00000000eab00000)
  object space 87552K, 3% used [0x00000000c0000000,0x00000000c035a190,0x00000000c5580000)
 Metaspace       used 6120K, capacity 7024K, committed 7296K, reserved 1056768K
  class space    used 593K, capacity 616K, committed 640K, reserved 1048576K

Card table byte_map: [0x0000000012040000,0x0000000012250000] byte_map_base: 0x0000000011a40000

Marking Bits: (ParMarkBitMap*) 0x0000000072a34040
 Begin Bits: [0x00000000127b0000, 0x00000000137b0000)
 End Bits:   [0x00000000137b0000, 0x00000000147b0000)

Polling page: 0x0000000000f80000

CodeCache: size=245760Kb used=6419Kb max_used=6419Kb free=239340Kb
 bounds [0x0000000002c80000, 0x00000000032d0000, 0x0000000011c80000]
 total_blobs=1831 nmethods=1562 adapters=182
 compilation: enabled

Compilation events (10 events):
Event: 3.927 Thread 0x0000000015350000 nmethod 1542 0x00000000032ac150 code [0x00000000032ac320, 0x00000000032ac970]
Event: 4.058 Thread 0x00000000153a1000 1576       4       com.android.dx.ssa.Dominators::compress (229 bytes)
Event: 4.062 Thread 0x0000000015350000 1577   !   4       com.android.dx.rop.code.LocalVariableInfo::setStarts (40 bytes)
Event: 4.063 Thread 0x0000000015350000 nmethod 1577 0x00000000032abdd0 code [0x00000000032abf20, 0x00000000032ac018]
Event: 4.064 Thread 0x00000000153a7800 1578       3       com.android.dx.rop.type.Type::asUninitialized (140 bytes)
Event: 4.065 Thread 0x0000000015350000 1579       4       com.android.dx.ssa.back.SsaToRop::convertBasicBlock (126 bytes)
Event: 4.066 Thread 0x00000000153a7800 nmethod 1578 0x00000000032bfa10 code [0x00000000032bfd60, 0x00000000032c1998]
Event: 4.066 Thread 0x00000000153a7800 1581       3       com.android.dx.cf.code.LocalVariableList$Item::matchesAllButType (53 bytes)
Event: 4.066 Thread 0x00000000153a7800 nmethod 1581 0x00000000032a9e50 code [0x00000000032a9fe0, 0x00000000032aa548]
Event: 4.068 Thread 0x00000000153a7800 1584       3       com.android.dx.ssa.LocalVariableExtractor::processBlock (383 bytes)

GC Heap History (4 events):
Event: 1.382 GC heap before
{Heap before GC invocations=1 (full 0):
 PSYoungGen      total 38400K, used 33280K [0x00000000eab00000, 0x00000000ed580000, 0x0000000100000000)
  eden space 33280K, 100% used [0x00000000eab00000,0x00000000ecb80000,0x00000000ecb80000)
  from space 5120K, 0% used [0x00000000ed080000,0x00000000ed080000,0x00000000ed580000)
  to   space 5120K, 0% used [0x00000000ecb80000,0x00000000ecb80000,0x00000000ed080000)
 ParOldGen       total 87552K, used 0K [0x00000000c0000000, 0x00000000c5580000, 0x00000000eab00000)
  object space 87552K, 0% used [0x00000000c0000000,0x00000000c0000000,0x00000000c5580000)
 Metaspace       used 5842K, capacity 6768K, committed 7040K, reserved 1056768K
  class space    used 591K, capacity 616K, committed 640K, reserved 1048576K
Event: 1.531 GC heap after
Heap after GC invocations=1 (full 0):
 PSYoungGen      total 38400K, used 5035K [0x00000000eab00000, 0x00000000ef600000, 0x0000000100000000)
  eden space 33280K, 0% used [0x00000000eab00000,0x00000000eab00000,0x00000000ecb80000)
  from space 5120K, 98% used [0x00000000ecb80000,0x00000000ed06ad40,0x00000000ed080000)
  to   space 5120K, 0% used [0x00000000ef100000,0x00000000ef100000,0x00000000ef600000)
 ParOldGen       total 87552K, used 16K [0x00000000c0000000, 0x00000000c5580000, 0x00000000eab00000)
  object space 87552K, 0% used [0x00000000c0000000,0x00000000c0004000,0x00000000c5580000)
 Metaspace       used 5842K, capacity 6768K, committed 7040K, reserved 1056768K
  class space    used 591K, capacity 616K, committed 640K, reserved 1048576K
}
Event: 2.795 GC heap before
{Heap before GC invocations=2 (full 0):
 PSYoungGen      total 38400K, used 38315K [0x00000000eab00000, 0x00000000ef600000, 0x0000000100000000)
  eden space 33280K, 100% used [0x00000000eab00000,0x00000000ecb80000,0x00000000ecb80000)
  from space 5120K, 98% used [0x00000000ecb80000,0x00000000ed06ad40,0x00000000ed080000)
  to   space 5120K, 0% used [0x00000000ef100000,0x00000000ef100000,0x00000000ef600000)
 ParOldGen       total 87552K, used 16K [0x00000000c0000000, 0x00000000c5580000, 0x00000000eab00000)
  object space 87552K, 0% used [0x00000000c0000000,0x00000000c0004000,0x00000000c5580000)
 Metaspace       used 6064K, capacity 7024K, committed 7296K, reserved 1056768K
  class space    used 593K, capacity 616K, committed 640K, reserved 1048576K
Event: 3.058 GC heap after
Heap after GC invocations=2 (full 0):
 PSYoungGen      total 71680K, used 5112K [0x00000000eab00000, 0x00000000ef600000, 0x0000000100000000)
  eden space 66560K, 0% used [0x00000000eab00000,0x00000000eab00000,0x00000000eec00000)
  from space 5120K, 99% used [0x00000000ef100000,0x00000000ef5fe2d0,0x00000000ef600000)
  to   space 5120K, 0% used [0x00000000eec00000,0x00000000eec00000,0x00000000ef100000)
 ParOldGen       total 87552K, used 3432K [0x00000000c0000000, 0x00000000c5580000, 0x00000000eab00000)
  object space 87552K, 3% used [0x00000000c0000000,0x00000000c035a190,0x00000000c5580000)
 Metaspace       used 6064K, capacity 7024K, committed 7296K, reserved 1056768K
  class space    used 593K, capacity 616K, committed 640K, reserved 1048576K
}

Deoptimization events (10 events):
Event: 1.150 Thread 0x0000000016d3a000 Uncommon trap: reason=unstable_if action=reinterpret pc=0x0000000002ec9dc0 method=java.util.HashMap.getNode(ILjava/lang/Object;)Ljava/util/HashMap$Node; @ 62
Event: 1.540 Thread 0x0000000016d39000 Uncommon trap: reason=class_check action=maybe_recompile pc=0x0000000002ffc4e4 method=com.android.dx.rop.type.Type.equals(Ljava/lang/Object;)Z @ 8
Event: 1.542 Thread 0x0000000016d39000 Uncommon trap: reason=null_check action=make_not_entrant pc=0x0000000002ffc4f4 method=com.android.dx.rop.type.Type.equals(Ljava/lang/Object;)Z @ 8
Event: 1.543 Thread 0x0000000016d39000 Uncommon trap: reason=unstable_if action=reinterpret pc=0x0000000002ede730 method=java.util.BitSet.nextSetBit(I)I @ 87
Event: 2.074 Thread 0x0000000016d3c800 Uncommon trap: reason=unstable_if action=reinterpret pc=0x00000000030ad038 method=com.android.dx.cf.code.Ropper.labelToResultIndex(I)I @ 34
Event: 2.113 Thread 0x00000000012ed800 Uncommon trap: reason=unloaded action=reinterpret pc=0x000000000308f798 method=com.android.dx.cf.cst.ConstantPoolParser.parse0(ILjava/util/BitSet;)Lcom/android/dx/rop/cst/Constant; @ 198
Event: 2.643 Thread 0x00000000012ed800 Uncommon trap: reason=unstable_if action=reinterpret pc=0x00000000030a589c method=com.android.dx.rop.cst.Constant.compareTo(Lcom/android/dx/rop/cst/Constant;)I @ 12
Event: 3.121 Thread 0x0000000016d39000 Uncommon trap: reason=unstable_if action=reinterpret pc=0x00000000031f92d8 method=com.android.dx.ssa.SCCP.simulateStmt(Lcom/android/dx/ssa/SsaInsn;)V @ 59
Event: 3.778 Thread 0x00000000012ed800 Uncommon trap: reason=unstable_if action=reinterpret pc=0x00000000030e6b7c method=com.android.dx.util.IntList.binarysearch(I)I @ 105
Event: 4.068 Thread 0x00000000012ed800 Uncommon trap: reason=unstable_if action=reinterpret pc=0x0000000003284b7c method=com.android.dx.rop.code.RegisterSpec.equals(ILcom/android/dx/rop/type/TypeBearer;Lcom/android/dx/rop/code/LocalItem;)Z @ 42

Internal exceptions (3 events):
Event: 0.047 Thread 0x00000000012ed800 Exception <a 'java/lang/NoSuchMethodError': Method sun.misc.Unsafe.defineClass(Ljava/lang/String;[BII)Ljava/lang/Class; name or signature does not match> (0x00000000eab12f20) thrown at [C:\re\workspace\8-2-build-windows-amd64-cygwin\jdk8u51\3951\hotspot\srüÅJyó÷§?
Event: 0.047 Thread 0x00000000012ed800 Exception <a 'java/lang/NoSuchMethodError': Method sun.misc.Unsafe.prefetchRead(Ljava/lang/Object;J)V name or signature does not match> (0x00000000eab131b0) thrown at [C:\re\workspace\8-2-build-windows-amd64-cygwin\jdk8u51\3951\hotspot\src\share\vm\prims\jšµ]Çªªø?
Event: 1.542 Thread 0x0000000016d39000 Implicit null exception at 0x0000000002ffc3e2 to 0x0000000002ffc4e5

Events (10 events):
Event: 3.058 Executing VM operation: ParallelGCFailedAllocation done
Event: 3.121 Thread 0x0000000016d39000 Uncommon trap: trap_request=0xffffff65 fr.pc=0x00000000031f92d8
Event: 3.121 Thread 0x0000000016d39000 DEOPT PACKING pc=0x00000000031f92d8 sp=0x000000001749e650
Event: 3.121 Thread 0x0000000016d39000 DEOPT UNPACKING pc=0x0000000002cc582a sp=0x000000001749e638 mode 2
Event: 3.778 Thread 0x00000000012ed800 Uncommon trap: trap_request=0xffffff65 fr.pc=0x00000000030e6b7c
Event: 3.778 Thread 0x00000000012ed800 DEOPT PACKING pc=0x00000000030e6b7c sp=0x0000000002b7e590
Event: 3.778 Thread 0x00000000012ed800 DEOPT UNPACKING pc=0x0000000002cc582a sp=0x0000000002b7e508 mode 2
Event: 4.068 Thread 0x00000000012ed800 Uncommon trap: trap_request=0xffffff65 fr.pc=0x0000000003284b7c
Event: 4.068 Thread 0x00000000012ed800 DEOPT PACKING pc=0x0000000003284b7c sp=0x0000000002b7e6c0
Event: 4.068 Thread 0x00000000012ed800 DEOPT UNPACKING pc=0x0000000002cc582a sp=0x0000000002b7e5d8 mode 2


Dynamic libraries:
0x00007ff7335a0000 - 0x00007ff7335d7000 	C:\Program Files\Java\jdk1.8.0_51\bin\java.exe
0x00007ffb777e0000 - 0x00007ffb779a1000 	C:\WINDOWS\SYSTEM32\ntdll.dll
0x00007ffb774b0000 - 0x00007ffb7755d000 	C:\WINDOWS\system32\KERNEL32.DLL
0x00007ffb73f50000 - 0x00007ffb74138000 	C:\WINDOWS\system32\KERNELBASE.dll
0x00007ffb762c0000 - 0x00007ffb76367000 	C:\WINDOWS\system32\ADVAPI32.dll
0x00007ffb77340000 - 0x00007ffb773dd000 	C:\WINDOWS\system32\msvcrt.dll
0x00007ffb76760000 - 0x00007ffb767bb000 	C:\WINDOWS\system32\sechost.dll
0x00007ffb761a0000 - 0x00007ffb762bc000 	C:\WINDOWS\system32\RPCRT4.dll
0x00007ffb76600000 - 0x00007ffb76756000 	C:\WINDOWS\system32\USER32.dll
0x00007ffb76470000 - 0x00007ffb765f6000 	C:\WINDOWS\system32\GDI32.dll
0x00007ffb6a8e0000 - 0x00007ffb6ab54000 	C:\WINDOWS\WinSxS\amd64_microsoft.windows.common-controls_6595b64144ccf1df_6.0.10586.0_none_8c15ae12515e1c22\COMCTL32.dll
0x00007ffb77560000 - 0x00007ffb777dd000 	C:\WINDOWS\system32\combase.dll
0x00007ffb73e90000 - 0x00007ffb73efa000 	C:\WINDOWS\system32\bcryptPrimitives.dll
0x00007ffb76e60000 - 0x00007ffb76e9b000 	C:\WINDOWS\system32\IMM32.DLL
0x0000000072ac0000 - 0x0000000072b92000 	C:\Program Files\Java\jdk1.8.0_51\jre\bin\msvcr100.dll
0x0000000072230000 - 0x0000000072ab3000 	C:\Program Files\Java\jdk1.8.0_51\jre\bin\server\jvm.dll
0x00007ffb772d0000 - 0x00007ffb772d8000 	C:\WINDOWS\system32\PSAPI.DLL
0x00007ffb6ec00000 - 0x00007ffb6ec09000 	C:\WINDOWS\SYSTEM32\WSOCK32.dll
0x00007ffb76370000 - 0x00007ffb763db000 	C:\WINDOWS\system32\WS2_32.dll
0x00007ffb72500000 - 0x00007ffb72523000 	C:\WINDOWS\SYSTEM32\WINMM.dll
0x00007ffb672b0000 - 0x00007ffb672ba000 	C:\WINDOWS\SYSTEM32\VERSION.dll
0x00007ffb724d0000 - 0x00007ffb724fc000 	C:\WINDOWS\SYSTEM32\WINMMBASE.dll
0x00007ffb73f00000 - 0x00007ffb73f43000 	C:\WINDOWS\system32\cfgmgr32.dll
0x0000000073850000 - 0x000000007385f000 	C:\Program Files\Java\jdk1.8.0_51\jre\bin\verify.dll
0x0000000073820000 - 0x0000000073849000 	C:\Program Files\Java\jdk1.8.0_51\jre\bin\java.dll
0x0000000073800000 - 0x0000000073816000 	C:\Program Files\Java\jdk1.8.0_51\jre\bin\zip.dll
0x00007ffb74be0000 - 0x00007ffb7613c000 	C:\WINDOWS\system32\SHELL32.dll
0x00007ffb74260000 - 0x00007ffb748a4000 	C:\WINDOWS\system32\windows.storage.dll
0x00007ffb76ea0000 - 0x00007ffb76ef2000 	C:\WINDOWS\system32\shlwapi.dll
0x00007ffb73e70000 - 0x00007ffb73e7f000 	C:\WINDOWS\system32\kernel.appcore.dll
0x00007ffb741a0000 - 0x00007ffb74255000 	C:\WINDOWS\system32\shcore.dll
0x00007ffb73e00000 - 0x00007ffb73e4b000 	C:\WINDOWS\system32\powrprof.dll
0x00007ffb73e50000 - 0x00007ffb73e64000 	C:\WINDOWS\system32\profapi.dll

VM Arguments:
jvm_args: -Djava.awt.headless=true -Xmx1024M -Dfile.encoding=windows-1251 -Duser.country=RU -Duser.language=ru -Duser.variant 
java_command: com.android.dx.command.Main --dex --force-jumbo --num-threads=4 --multi-dex --output D:\Android_Projects\ud845-Pets-starting-point\app\build\intermediates\transforms\dex\debug\folders\1000\10\com.android.support-support-v4-24.1.1_4656bad5183b26138b7267e138618aab9d735c7c D:\Android_Projects\ud845-Pets-starting-point\app\build\intermediates\exploded-aar\com.android.support\support-v4\24.1.1\jars\classes.jar
java_class_path (initial): C:\Users\Wald\AppData\Local\Android\sdk\build-tools\23.0.3\lib\dx.jar
Launcher Type: SUN_STANDARD

Environment Variables:
JAVA_HOME=C:\NVPACK\jdk1.7.0_71
PATH=C:\ProgramData\Oracle\Java\javapath;C:\WINDOWS\system32;C:\WINDOWS;C:\WINDOWS\System32\Wbem;C:\WINDOWS\System32\WindowsPowerShell\v1.0\;C:\Program Files (x86)\ATI Technologies\ATI.ACE\Core-Static;C:\Program Files (x86)\AMD\ATI.ACE\Core-Static;C:\Program Files\Java\jdk1.8.0_51;C:\adb;C:\Program Files (x86)\Skype\Phone\;C:\WINDOWS\system32;C:\WINDOWS;C:\WINDOWS\System32\Wbem;C:\WINDOWS\System32\WindowsPowerShell\v1.0\;C:\Users\Wald\AppData\Local\Android\sdk\platform-tools;C:\Users\Wald\AppData\Local\Android\sdk\platform;C:\Users\Wald\AppData\Local\Android\sdk1\platform-tools;C:\Users\Wald\AppData\Local\Android\sdk1\platform;C:\Users\Wald\AppData\Local\Android\sdk;C:\Program Files (x86)\GtkSharp\2.12\bin;C:\SQLite;C:\NVPACK\gradle-2.2.1\bin;C:\NVPACK\apache-ant-1.8.2\bin;C:\NVPACK\jdk1.7.0_71\bin;C:\NVPACK\android-ndk-r11c;C:\NVPACK\android-sdk-windows\build-tools;C:\NVPACK\android-sdk-windows\platform-tools;C:\NVPACK\android-sdk-windows\tools;C:\NVPACK\android-sdk-windows\extras\android\support;C:\Program Files\Java\jdk1.8.0_51
USERNAME=Wald
OS=Windows_NT
PROCESSOR_IDENTIFIER=Intel64 Family 6 Model 69 Stepping 1, GenuineIntel



---------------  S Y S T E M  ---------------

OS: Windows 10.0 , 64 bit Build 10586 (10.0.10586.0)

CPU:total 4 (2 cores per cpu, 2 threads per core) family 6 model 69 stepping 1, cmov, cx8, fxsr, mmx, sse, sse2, sse3, ssse3, sse4.1, sse4.2, popcnt, avx, avx2, aes, clmul, erms, lzcnt, ht, tsc, tscinvbit, bmi1, bmi2

Memory: 4k page, physical 8274284k(1206552k free), swap 8274284k(5120k free)

vm_info: Java HotSpot(TM) 64-Bit Server VM (25.51-b03) for windows-amd64 JRE (1.8.0_51-b16), built on Jun  8 2015 18:03:07 by "java_re" with MS VC++ 10.0 (VS2010)

time: Thu Nov 17 17:22:53 2016
elapsed time: 4 seconds (0d 0h 0m 4s)

