#
# There is insufficient memory for the Java Runtime Environment to continue.
# Native memory allocation (malloc) failed to allocate 1662816 bytes for Chunk::new
# Possible reasons:
#   The system is out of physical RAM or swap space
#   In 32 bit mode, the process size limit was hit
# Possible solutions:
#   Reduce memory load on the system
#   Increase physical memory or swap space
#   Check if swap backing store is full
#   Use 64 bit Java on a 64 bit OS
#   Decrease Java heap size (-Xmx/-Xms)
#   Decrease number of Java threads
#   Decrease Java thread stack sizes (-Xss)
#   Set larger code cache with -XX:ReservedCodeCacheSize=
# This output file may be truncated or incomplete.
#
#  Out of Memory Error (allocation.cpp:390), pid=7500, tid=3676
#
# JRE version: Java(TM) SE Runtime Environment (8.0_51-b16) (build 1.8.0_51-b16)
# Java VM: Java HotSpot(TM) 64-Bit Server VM (25.51-b03 mixed mode windows-amd64 compressed oops)
# Failed to write core dump. Minidumps are not enabled by default on client versions of Windows
#

---------------  T H R E A D  ---------------

Current thread (0x0000000014bf2000):  JavaThread "C2 CompilerThread1" daemon [_thread_in_native, id=3676, stack(0x0000000016250000,0x0000000016350000)]

Stack: [0x0000000016250000,0x0000000016350000]
Native frames: (J=compiled Java code, j=interpreted, Vv=VM code, C=native code)
V  [jvm.dll+0x32b4ca]


Current CompileTask:
C2:   4062 1545   !   4       com.android.dx.cf.code.BytecodeArray::parseInstruction (2764 bytes)


---------------  P R O C E S S  ---------------

Java Threads: ( => current thread )
  0x00000000166a7800 JavaThread "pool-2-thread-4" [_thread_in_Java, id=5196, stack(0x0000000016e50000,0x0000000016f50000)]
  0x00000000166a6800 JavaThread "pool-2-thread-3" [_thread_in_Java, id=5632, stack(0x0000000016d50000,0x0000000016e50000)]
  0x00000000166a6000 JavaThread "pool-2-thread-2" [_thread_in_Java, id=4324, stack(0x0000000016c50000,0x0000000016d50000)]
  0x00000000166a4000 JavaThread "pool-3-thread-1" [_thread_blocked, id=7900, stack(0x0000000016b50000,0x0000000016c50000)]
  0x00000000165a5000 JavaThread "pool-2-thread-1" [_thread_in_Java, id=3392, stack(0x0000000016a50000,0x0000000016b50000)]
  0x000000001635e800 JavaThread "Service Thread" daemon [_thread_blocked, id=3528, stack(0x0000000016850000,0x0000000016950000)]
  0x0000000016358800 JavaThread "C1 CompilerThread2" daemon [_thread_in_vm, id=5384, stack(0x0000000016750000,0x0000000016850000)]
=>0x0000000014bf2000 JavaThread "C2 CompilerThread1" daemon [_thread_in_native, id=3676, stack(0x0000000016250000,0x0000000016350000)]
  0x0000000014bef000 JavaThread "C2 CompilerThread0" daemon [_thread_in_native, id=6800, stack(0x0000000016150000,0x0000000016250000)]
  0x0000000014beb000 JavaThread "Attach Listener" daemon [_thread_blocked, id=6840, stack(0x0000000016050000,0x0000000016150000)]
  0x0000000014be9800 JavaThread "Signal Dispatcher" daemon [_thread_blocked, id=4644, stack(0x0000000015f50000,0x0000000016050000)]
  0x0000000002450800 JavaThread "Finalizer" daemon [_thread_blocked, id=5144, stack(0x0000000015e50000,0x0000000015f50000)]
  0x000000000244d800 JavaThread "Reference Handler" daemon [_thread_blocked, id=3456, stack(0x0000000015d50000,0x0000000015e50000)]
  0x000000000251d800 JavaThread "main" [_thread_in_Java, id=5204, stack(0x0000000000b00000,0x0000000000c00000)]

Other Threads:
  0x0000000014bb8800 VMThread [stack: 0x0000000015c50000,0x0000000015d50000] [id=5520]
  0x0000000016360000 WatcherThread [stack: 0x0000000016950000,0x0000000016a50000] [id=7024]

VM state:not at safepoint (normal execution)

VM Mutex/Monitor currently owned by a thread:  ([mutex/lock_event])
[0x00000000023606d0] CompiledIC_lock - owner thread: 0x0000000016358800

Heap:
 PSYoungGen      total 71680K, used 27099K [0x00000000eab00000, 0x00000000ef600000, 0x0000000100000000)
  eden space 66560K, 33% used [0x00000000eab00000,0x00000000ec07d198,0x00000000eec00000)
  from space 5120K, 99% used [0x00000000ef100000,0x00000000ef5f9c98,0x00000000ef600000)
  to   space 5120K, 0% used [0x00000000eec00000,0x00000000eec00000,0x00000000ef100000)
 ParOldGen       total 87552K, used 3888K [0x00000000c0000000, 0x00000000c5580000, 0x00000000eab00000)
  object space 87552K, 4% used [0x00000000c0000000,0x00000000c03cc0a8,0x00000000c5580000)
 Metaspace       used 6220K, capacity 7088K, committed 7296K, reserved 1056768K
  class space    used 592K, capacity 616K, committed 640K, reserved 1048576K

Card table byte_map: [0x00000000118e0000,0x0000000011af0000] byte_map_base: 0x00000000112e0000

Marking Bits: (ParMarkBitMap*) 0x0000000072a34040
 Begin Bits: [0x0000000012050000, 0x0000000013050000)
 End Bits:   [0x0000000013050000, 0x0000000014050000)

Polling page: 0x0000000000c00000

CodeCache: size=245760Kb used=6630Kb max_used=6630Kb free=239129Kb
 bounds [0x0000000002520000, 0x0000000002ba0000, 0x0000000011520000]
 total_blobs=1960 nmethods=1689 adapters=182
 compilation: disabled (not enough contiguous free space left)

Compilation events (10 events):
Event: 4.027 Thread 0x0000000016358800 1684       2       com.android.dx.cf.iface.StdField::<init> (10 bytes)
Event: 4.027 Thread 0x0000000016358800 nmethod 1684 0x0000000002b902d0 code [0x0000000002b90440, 0x0000000002b905a8]
Event: 4.027 Thread 0x0000000016358800 1686       2       com.android.dx.cf.code.BaseMachine::popArgs (137 bytes)
Event: 4.027 Thread 0x0000000016358800 nmethod 1686 0x0000000002b90650 code [0x0000000002b90900, 0x0000000002b91268]
Event: 4.028 Thread 0x0000000016358800 1687       2       com.android.dx.cf.code.OneLocalsArray::set (10 bytes)
Event: 4.028 Thread 0x0000000016358800 nmethod 1687 0x0000000002b91bd0 code [0x0000000002b91d40, 0x0000000002b91ec8]
Event: 4.028 Thread 0x0000000016358800 1688       2       com.android.dx.rop.code.RegisterSpec::getFrameType (10 bytes)
Event: 4.028 Thread 0x0000000016358800 nmethod 1688 0x0000000002b91f90 code [0x0000000002b92100, 0x0000000002b92288]
Event: 4.028 Thread 0x0000000016358800 1685       1       com.android.dx.cf.attrib.AttInnerClasses::getInnerClasses (5 bytes)
Event: 4.028 Thread 0x0000000016358800 nmethod 1685 0x0000000002b92310 code [0x0000000002b92460, 0x0000000002b92570]

GC Heap History (4 events):
Event: 2.707 GC heap before
{Heap before GC invocations=1 (full 0):
 PSYoungGen      total 38400K, used 33280K [0x00000000eab00000, 0x00000000ed580000, 0x0000000100000000)
  eden space 33280K, 100% used [0x00000000eab00000,0x00000000ecb80000,0x00000000ecb80000)
  from space 5120K, 0% used [0x00000000ed080000,0x00000000ed080000,0x00000000ed580000)
  to   space 5120K, 0% used [0x00000000ecb80000,0x00000000ecb80000,0x00000000ed080000)
 ParOldGen       total 87552K, used 0K [0x00000000c0000000, 0x00000000c5580000, 0x00000000eab00000)
  object space 87552K, 0% used [0x00000000c0000000,0x00000000c0000000,0x00000000c5580000)
 Metaspace       used 5896K, capacity 6832K, committed 7040K, reserved 1056768K
  class space    used 590K, capacity 616K, committed 640K, reserved 1048576K
Event: 2.849 GC heap after
Heap after GC invocations=1 (full 0):
 PSYoungGen      total 38400K, used 5092K [0x00000000eab00000, 0x00000000ef600000, 0x0000000100000000)
  eden space 33280K, 0% used [0x00000000eab00000,0x00000000eab00000,0x00000000ecb80000)
  from space 5120K, 99% used [0x00000000ecb80000,0x00000000ed079180,0x00000000ed080000)
  to   space 5120K, 0% used [0x00000000ef100000,0x00000000ef100000,0x00000000ef600000)
 ParOldGen       total 87552K, used 484K [0x00000000c0000000, 0x00000000c5580000, 0x00000000eab00000)
  object space 87552K, 0% used [0x00000000c0000000,0x00000000c00791f0,0x00000000c5580000)
 Metaspace       used 5896K, capacity 6832K, committed 7040K, reserved 1056768K
  class space    used 590K, capacity 616K, committed 640K, reserved 1048576K
}
Event: 3.742 GC heap before
{Heap before GC invocations=2 (full 0):
 PSYoungGen      total 38400K, used 38372K [0x00000000eab00000, 0x00000000ef600000, 0x0000000100000000)
  eden space 33280K, 100% used [0x00000000eab00000,0x00000000ecb80000,0x00000000ecb80000)
  from space 5120K, 99% used [0x00000000ecb80000,0x00000000ed079180,0x00000000ed080000)
  to   space 5120K, 0% used [0x00000000ef100000,0x00000000ef100000,0x00000000ef600000)
 ParOldGen       total 87552K, used 484K [0x00000000c0000000, 0x00000000c5580000, 0x00000000eab00000)
  object space 87552K, 0% used [0x00000000c0000000,0x00000000c00791f0,0x00000000c5580000)
 Metaspace       used 6158K, capacity 7088K, committed 7296K, reserved 1056768K
  class space    used 591K, capacity 616K, committed 640K, reserved 1048576K
Event: 3.904 GC heap after
Heap after GC invocations=2 (full 0):
 PSYoungGen      total 71680K, used 5095K [0x00000000eab00000, 0x00000000ef600000, 0x0000000100000000)
  eden space 66560K, 0% used [0x00000000eab00000,0x00000000eab00000,0x00000000eec00000)
  from space 5120K, 99% used [0x00000000ef100000,0x00000000ef5f9c98,0x00000000ef600000)
  to   space 5120K, 0% used [0x00000000eec00000,0x00000000eec00000,0x00000000ef100000)
 ParOldGen       total 87552K, used 3888K [0x00000000c0000000, 0x00000000c5580000, 0x00000000eab00000)
  object space 87552K, 4% used [0x00000000c0000000,0x00000000c03cc0a8,0x00000000c5580000)
 Metaspace       used 6158K, capacity 7088K, committed 7296K, reserved 1056768K
  class space    used 591K, capacity 616K, committed 640K, reserved 1048576K
}

Deoptimization events (5 events):
Event: 0.657 Thread 0x000000000251d800 Uncommon trap: reason=unstable_if action=reinterpret pc=0x0000000002687a54 method=java.lang.String.compareTo(Ljava/lang/String;)I @ 38
Event: 1.941 Thread 0x00000000165a5000 Uncommon trap: reason=unstable_if action=reinterpret pc=0x00000000027e989c method=com.android.dx.rop.cst.Constant.compareTo(Lcom/android/dx/rop/cst/Constant;)I @ 12
Event: 2.958 Thread 0x00000000165a5000 Uncommon trap: reason=null_check action=make_not_entrant pc=0x0000000002832978 method=com.android.dx.ssa.SsaRenamer.getLocalForNewReg(I)Lcom/android/dx/rop/code/LocalItem; @ 19
Event: 3.348 Thread 0x00000000166a6000 Uncommon trap: reason=unstable_if action=reinterpret pc=0x00000000029b49a4 method=com.android.dx.ssa.SCCP.simulateStmt(Lcom/android/dx/ssa/SsaInsn;)V @ 53
Event: 4.022 Thread 0x000000000251d800 Uncommon trap: reason=unstable_if action=reinterpret pc=0x0000000002a89b38 method=com.android.dx.rop.cst.StdConstantPool.set(ILcom/android/dx/rop/cst/Constant;)V @ 12

Internal exceptions (3 events):
Event: 0.075 Thread 0x000000000251d800 Exception <a 'java/lang/NoSuchMethodError': Method sun.misc.Unsafe.defineClass(Ljava/lang/String;[BII)Ljava/lang/Class; name or signature does not match> (0x00000000eab12f20) thrown at [C:\re\workspace\8-2-build-windows-amd64-cygwin\jdk8u51\3951\hotspot\srh¤KùÛU³?
Event: 0.076 Thread 0x000000000251d800 Exception <a 'java/lang/NoSuchMethodError': Method sun.misc.Unsafe.prefetchRead(Ljava/lang/Object;J)V name or signature does not match> (0x00000000eab131b0) thrown at [C:\re\workspace\8-2-build-windows-amd64-cygwin\jdk8u51\3951\hotspot\src\share\vm\prims\j©U*ÏÆ©@
Event: 2.958 Thread 0x00000000165a5000 Implicit null exception at 0x000000000282f97d to 0x0000000002832935

Events (10 events):
Event: 3.348 Thread 0x00000000166a6000 Uncommon trap: trap_request=0xffffff65 fr.pc=0x00000000029b49a4
Event: 3.348 Thread 0x00000000166a6000 DEOPT PACKING pc=0x00000000029b49a4 sp=0x0000000016d4eb70
Event: 3.348 Thread 0x00000000166a6000 DEOPT UNPACKING pc=0x000000000256582a sp=0x0000000016d4eb38 mode 2
Event: 3.381 Executing VM operation: ParallelGCFailedAllocation
Event: 3.904 Executing VM operation: ParallelGCFailedAllocation done
Event: 4.019 loading class com/android/dx/cf/code/SwitchList
Event: 4.019 loading class com/android/dx/cf/code/SwitchList done
Event: 4.022 Thread 0x000000000251d800 Uncommon trap: trap_request=0xffffff65 fr.pc=0x0000000002a89b38
Event: 4.022 Thread 0x000000000251d800 DEOPT PACKING pc=0x0000000002a89b38 sp=0x0000000000bfe620
Event: 4.022 Thread 0x000000000251d800 DEOPT UNPACKING pc=0x000000000256582a sp=0x0000000000bfe560 mode 2


Dynamic libraries:
0x00007ff7335a0000 - 0x00007ff7335d7000 	C:\Program Files\Java\jdk1.8.0_51\bin\java.exe
0x00007ffb777e0000 - 0x00007ffb779a1000 	C:\WINDOWS\SYSTEM32\ntdll.dll
0x00007ffb774b0000 - 0x00007ffb7755d000 	C:\WINDOWS\system32\KERNEL32.DLL
0x00007ffb73f50000 - 0x00007ffb74138000 	C:\WINDOWS\system32\KERNELBASE.dll
0x00007ffb762c0000 - 0x00007ffb76367000 	C:\WINDOWS\system32\ADVAPI32.dll
0x00007ffb77340000 - 0x00007ffb773dd000 	C:\WINDOWS\system32\msvcrt.dll
0x00007ffb76760000 - 0x00007ffb767bb000 	C:\WINDOWS\system32\sechost.dll
0x00007ffb761a0000 - 0x00007ffb762bc000 	C:\WINDOWS\system32\RPCRT4.dll
0x00007ffb76600000 - 0x00007ffb76756000 	C:\WINDOWS\system32\USER32.dll
0x00007ffb76470000 - 0x00007ffb765f6000 	C:\WINDOWS\system32\GDI32.dll
0x00007ffb6a8e0000 - 0x00007ffb6ab54000 	C:\WINDOWS\WinSxS\amd64_microsoft.windows.common-controls_6595b64144ccf1df_6.0.10586.0_none_8c15ae12515e1c22\COMCTL32.dll
0x00007ffb77560000 - 0x00007ffb777dd000 	C:\WINDOWS\system32\combase.dll
0x00007ffb73e90000 - 0x00007ffb73efa000 	C:\WINDOWS\system32\bcryptPrimitives.dll
0x00007ffb76e60000 - 0x00007ffb76e9b000 	C:\WINDOWS\system32\IMM32.DLL
0x0000000072ac0000 - 0x0000000072b92000 	C:\Program Files\Java\jdk1.8.0_51\jre\bin\msvcr100.dll
0x0000000072230000 - 0x0000000072ab3000 	C:\Program Files\Java\jdk1.8.0_51\jre\bin\server\jvm.dll
0x00007ffb772d0000 - 0x00007ffb772d8000 	C:\WINDOWS\system32\PSAPI.DLL
0x00007ffb672b0000 - 0x00007ffb672ba000 	C:\WINDOWS\SYSTEM32\VERSION.dll
0x00007ffb6ec00000 - 0x00007ffb6ec09000 	C:\WINDOWS\SYSTEM32\WSOCK32.dll
0x00007ffb72500000 - 0x00007ffb72523000 	C:\WINDOWS\SYSTEM32\WINMM.dll
0x00007ffb724d0000 - 0x00007ffb724fc000 	C:\WINDOWS\SYSTEM32\WINMMBASE.dll
0x00007ffb73f00000 - 0x00007ffb73f43000 	C:\WINDOWS\system32\cfgmgr32.dll
0x00007ffb76370000 - 0x00007ffb763db000 	C:\WINDOWS\system32\WS2_32.dll
0x0000000073850000 - 0x000000007385f000 	C:\Program Files\Java\jdk1.8.0_51\jre\bin\verify.dll
0x0000000073820000 - 0x0000000073849000 	C:\Program Files\Java\jdk1.8.0_51\jre\bin\java.dll
0x0000000073800000 - 0x0000000073816000 	C:\Program Files\Java\jdk1.8.0_51\jre\bin\zip.dll
0x00007ffb74be0000 - 0x00007ffb7613c000 	C:\WINDOWS\system32\SHELL32.dll
0x00007ffb74260000 - 0x00007ffb748a4000 	C:\WINDOWS\system32\windows.storage.dll
0x00007ffb76ea0000 - 0x00007ffb76ef2000 	C:\WINDOWS\system32\shlwapi.dll
0x00007ffb73e70000 - 0x00007ffb73e7f000 	C:\WINDOWS\system32\kernel.appcore.dll
0x00007ffb741a0000 - 0x00007ffb74255000 	C:\WINDOWS\system32\shcore.dll
0x00007ffb73e00000 - 0x00007ffb73e4b000 	C:\WINDOWS\system32\powrprof.dll
0x00007ffb73e50000 - 0x00007ffb73e64000 	C:\WINDOWS\system32\profapi.dll
0x00007ffb600b0000 - 0x00007ffb6023c000 	C:\WINDOWS\SYSTEM32\dbghelp.dll

VM Arguments:
jvm_args: -Djava.awt.headless=true -Xmx1024M -Dfile.encoding=windows-1251 -Duser.country=RU -Duser.language=ru -Duser.variant 
java_command: com.android.dx.command.Main --dex --force-jumbo --num-threads=4 --multi-dex --output D:\Android_Projects\ud845-Pets-starting-point\app\build\intermediates\transforms\dex\debug\folders\1000\10\internal_impl-24.1.1_8f6b09b7c42a5f50d298088e7e9366fbf296039f D:\Android_Projects\ud845-Pets-starting-point\app\build\intermediates\exploded-aar\com.android.support\support-v4\24.1.1\jars\libs\internal_impl-24.1.1.jar
java_class_path (initial): C:\Users\Wald\AppData\Local\Android\sdk\build-tools\23.0.3\lib\dx.jar
Launcher Type: SUN_STANDARD

Environment Variables:
JAVA_HOME=C:\NVPACK\jdk1.7.0_71
PATH=C:\ProgramData\Oracle\Java\javapath;C:\WINDOWS\system32;C:\WINDOWS;C:\WINDOWS\System32\Wbem;C:\WINDOWS\System32\WindowsPowerShell\v1.0\;C:\Program Files (x86)\ATI Technologies\ATI.ACE\Core-Static;C:\Program Files (x86)\AMD\ATI.ACE\Core-Static;C:\Program Files\Java\jdk1.8.0_51;C:\adb;C:\Program Files (x86)\Skype\Phone\;C:\WINDOWS\system32;C:\WINDOWS;C:\WINDOWS\System32\Wbem;C:\WINDOWS\System32\WindowsPowerShell\v1.0\;C:\Users\Wald\AppData\Local\Android\sdk\platform-tools;C:\Users\Wald\AppData\Local\Android\sdk\platform;C:\Users\Wald\AppData\Local\Android\sdk1\platform-tools;C:\Users\Wald\AppData\Local\Android\sdk1\platform;C:\Users\Wald\AppData\Local\Android\sdk;C:\Program Files (x86)\GtkSharp\2.12\bin;C:\SQLite;C:\NVPACK\gradle-2.2.1\bin;C:\NVPACK\apache-ant-1.8.2\bin;C:\NVPACK\jdk1.7.0_71\bin;C:\NVPACK\android-ndk-r11c;C:\NVPACK\android-sdk-windows\build-tools;C:\NVPACK\android-sdk-windows\platform-tools;C:\NVPACK\android-sdk-windows\tools;C:\NVPACK\android-sdk-windows\extras\android\support;C:\Program Files\Java\jdk1.8.0_51
USERNAME=Wald
OS=Windows_NT
PROCESSOR_IDENTIFIER=Intel64 Family 6 Model 69 Stepping 1, GenuineIntel



---------------  S Y S T E M  ---------------

OS: Windows 10.0 , 64 bit Build 10586 (10.0.10586.0)

CPU:total 4 (2 cores per cpu, 2 threads per core) family 6 model 69 stepping 1, cmov, cx8, fxsr, mmx, sse, sse2, sse3, ssse3, sse4.1, sse4.2, popcnt, avx, avx2, aes, clmul, erms, lzcnt, ht, tsc, tscinvbit, bmi1, bmi2

Memory: 4k page, physical 8274284k(1206532k free), swap 8274284k(5120k free)

vm_info: Java HotSpot(TM) 64-Bit Server VM (25.51-b03) for windows-amd64 JRE (1.8.0_51-b16), built on Jun  8 2015 18:03:07 by "java_re" with MS VC++ 10.0 (VS2010)

time: Thu Nov 17 17:22:53 2016
elapsed time: 4 seconds (0d 0h 0m 4s)

