#
# There is insufficient memory for the Java Runtime Environment to continue.
# Native memory allocation (malloc) failed to allocate 32784 bytes for Chunk::new
# Possible reasons:
#   The system is out of physical RAM or swap space
#   In 32 bit mode, the process size limit was hit
# Possible solutions:
#   Reduce memory load on the system
#   Increase physical memory or swap space
#   Check if swap backing store is full
#   Use 64 bit Java on a 64 bit OS
#   Decrease Java heap size (-Xmx/-Xms)
#   Decrease number of Java threads
#   Decrease Java thread stack sizes (-Xss)
#   Set larger code cache with -XX:ReservedCodeCacheSize=
# This output file may be truncated or incomplete.
#
#  Out of Memory Error (allocation.cpp:390), pid=4868, tid=4424
#
# JRE version: Java(TM) SE Runtime Environment (8.0_51-b16) (build 1.8.0_51-b16)
# Java VM: Java HotSpot(TM) 64-Bit Server VM (25.51-b03 mixed mode windows-amd64 compressed oops)
# Failed to write core dump. Minidumps are not enabled by default on client versions of Windows
#

---------------  T H R E A D  ---------------

Current thread (0x00000000156e2000):  JavaThread "C2 CompilerThread1" daemon [_thread_in_native, id=4424, stack(0x0000000016d50000,0x0000000016e50000)]

Stack: [0x0000000016d50000,0x0000000016e50000]
Native frames: (J=compiled Java code, j=interpreted, Vv=VM code, C=native code)
V  [jvm.dll+0x32b4ca]


Current CompileTask:
C2:   1367  776   !   4       com.android.dx.rop.code.RegisterSpec::intern (70 bytes)


---------------  P R O C E S S  ---------------

Java Threads: ( => current thread )
  0x00000000171da800 JavaThread "pool-2-thread-4" [_thread_blocked, id=6948, stack(0x0000000017950000,0x0000000017a50000)]
  0x0000000017132000 JavaThread "pool-2-thread-3" [_thread_blocked, id=4336, stack(0x0000000017850000,0x0000000017950000)]
  0x000000001712a000 JavaThread "pool-2-thread-2" [_thread_blocked, id=3152, stack(0x0000000017750000,0x0000000017850000)]
  0x0000000017111800 JavaThread "pool-3-thread-1" [_thread_blocked, id=4912, stack(0x0000000017650000,0x0000000017750000)]
  0x0000000017110800 JavaThread "pool-2-thread-1" [_thread_in_Java, id=2912, stack(0x0000000017550000,0x0000000017650000)]
  0x0000000016f55800 JavaThread "Service Thread" daemon [_thread_blocked, id=1060, stack(0x0000000017350000,0x0000000017450000)]
  0x000000001573b000 JavaThread "C1 CompilerThread2" daemon [_thread_in_vm, id=4528, stack(0x0000000016e50000,0x0000000016f50000)]
=>0x00000000156e2000 JavaThread "C2 CompilerThread1" daemon [_thread_in_native, id=4424, stack(0x0000000016d50000,0x0000000016e50000)]
  0x00000000156df000 JavaThread "C2 CompilerThread0" daemon [_thread_blocked, id=5548, stack(0x0000000016c50000,0x0000000016d50000)]
  0x00000000156db800 JavaThread "Attach Listener" daemon [_thread_blocked, id=4136, stack(0x0000000016b50000,0x0000000016c50000)]
  0x00000000156da000 JavaThread "Signal Dispatcher" daemon [_thread_blocked, id=2908, stack(0x0000000016a50000,0x0000000016b50000)]
  0x0000000002fd6800 JavaThread "Finalizer" daemon [_thread_blocked, id=7316, stack(0x0000000016940000,0x0000000016a40000)]
  0x0000000002fce800 JavaThread "Reference Handler" daemon [_thread_blocked, id=4248, stack(0x0000000016840000,0x0000000016940000)]
  0x0000000002ddd800 JavaThread "main" [_thread_in_native, id=3316, stack(0x0000000002cb0000,0x0000000002db0000)]

Other Threads:
  0x00000000156a7800 VMThread [stack: 0x0000000016740000,0x0000000016840000] [id=3696]
  0x0000000016f56800 WatcherThread [stack: 0x0000000017450000,0x0000000017550000] [id=7472]

VM state:not at safepoint (normal execution)

VM Mutex/Monitor currently owned by a thread: None

Heap:
 PSYoungGen      total 38400K, used 14677K [0x00000000eab00000, 0x00000000ed580000, 0x0000000100000000)
  eden space 33280K, 44% used [0x00000000eab00000,0x00000000eb955470,0x00000000ecb80000)
  from space 5120K, 0% used [0x00000000ed080000,0x00000000ed080000,0x00000000ed580000)
  to   space 5120K, 0% used [0x00000000ecb80000,0x00000000ecb80000,0x00000000ed080000)
 ParOldGen       total 87552K, used 0K [0x00000000c0000000, 0x00000000c5580000, 0x00000000eab00000)
  object space 87552K, 0% used [0x00000000c0000000,0x00000000c0000000,0x00000000c5580000)
 Metaspace       used 5582K, capacity 6640K, committed 6784K, reserved 1056768K
  class space    used 579K, capacity 616K, committed 640K, reserved 1048576K

Card table byte_map: [0x00000000123b0000,0x00000000125c0000] byte_map_base: 0x0000000011db0000

Marking Bits: (ParMarkBitMap*) 0x0000000057f14040
 Begin Bits: [0x0000000012b20000, 0x0000000013b20000)
 End Bits:   [0x0000000013b20000, 0x0000000014b20000)

Polling page: 0x0000000002db0000

CodeCache: size=245760Kb used=3130Kb max_used=3130Kb free=242629Kb
 bounds [0x0000000002ff0000, 0x0000000003310000, 0x0000000011ff0000]
 total_blobs=1046 nmethods=778 adapters=181
 compilation: enabled

Compilation events (10 events):
Event: 1.359 Thread 0x000000001573b000 nmethod 770 0x00000000032ed790 code [0x00000000032eda00, 0x00000000032ee608]
Event: 1.359 Thread 0x000000001573b000  781       3       java.util.ArrayList::removeRange (75 bytes)
Event: 1.360 Thread 0x000000001573b000 nmethod 781 0x00000000032e8750 code [0x00000000032e88e0, 0x00000000032e8d48]
Event: 1.360 Thread 0x000000001573b000  771       3       com.android.dx.ssa.back.LivenessAnalyzer::<init> (55 bytes)
Event: 1.360 Thread 0x000000001573b000 nmethod 771 0x00000000032eee90 code [0x00000000032ef020, 0x00000000032ef438]
Event: 1.360 Thread 0x000000001573b000  784       3       com.android.dx.cf.code.ValueAwareMachine::run (1142 bytes)
Event: 1.363 Thread 0x00000000156df000  791       4       com.android.dx.rop.type.Type::equals (31 bytes)
Event: 1.363 Thread 0x000000001573b000 nmethod 784 0x00000000032ef610 code [0x00000000032efba0, 0x00000000032f4578]
Event: 1.363 Thread 0x000000001573b000  787       3       com.android.dx.cf.code.RopperMachine::getSources (264 bytes)
Event: 1.364 Thread 0x00000000156df000 nmethod 791 0x00000000032e82d0 code [0x00000000032e8420, 0x00000000032e85b8]

GC Heap History (0 events):
No events

Deoptimization events (1 events):
Event: 1.120 Thread 0x000000001712a000 Uncommon trap: reason=unstable_if action=reinterpret pc=0x00000000031c8f5c method=java.util.HashMap.getNode(ILjava/lang/Object;)Ljava/util/HashMap$Node; @ 129

Internal exceptions (2 events):
Event: 0.093 Thread 0x0000000002ddd800 Exception <a 'java/lang/NoSuchMethodError': Method sun.misc.Unsafe.defineClass(Ljava/lang/String;[BII)Ljava/lang/Class; name or signature does not match> (0x00000000eab12ef8) thrown at [C:\re\workspace\8-2-build-windows-amd64-cygwin\jdk8u51\3951\hotspot\sr≈l2ã“º∑?
Event: 0.093 Thread 0x0000000002ddd800 Exception <a 'java/lang/NoSuchMethodError': Method sun.misc.Unsafe.prefetchRead(Ljava/lang/Object;J)V name or signature does not match> (0x00000000eab13188) thrown at [C:\re\workspace\8-2-build-windows-amd64-cygwin\jdk8u51\3951\hotspot\src\share\vm\prims\j

Events (10 events):
Event: 1.102 loading class com/android/dx/cf/code/SwitchList done
Event: 1.113 loading class com/android/dx/ssa/back/FirstFitLocalCombiningAllocator$Multiset
Event: 1.113 loading class com/android/dx/ssa/back/FirstFitLocalCombiningAllocator$Multiset done
Event: 1.115 loading class java/util/DualPivotQuicksort
Event: 1.115 loading class java/util/DualPivotQuicksort done
Event: 1.120 Thread 0x000000001712a000 Uncommon trap: trap_request=0xffffff65 fr.pc=0x00000000031c8f5c
Event: 1.120 Thread 0x000000001712a000 DEOPT PACKING pc=0x00000000031c8f5c sp=0x000000001784e200
Event: 1.120 Thread 0x000000001712a000 DEOPT UNPACKING pc=0x000000000303582a sp=0x000000001784e178 mode 2
Event: 1.169 loading class java/util/ArrayList$1
Event: 1.169 loading class java/util/ArrayList$1 done


Dynamic libraries:
0x00007ff76edb0000 - 0x00007ff76ede7000 	C:\Program Files\Java\jdk1.8.0_51\bin\java.exe
0x00007ffd4c740000 - 0x00007ffd4c901000 	C:\WINDOWS\SYSTEM32\ntdll.dll
0x00007ffd4abc0000 - 0x00007ffd4ac6d000 	C:\WINDOWS\system32\KERNEL32.DLL
0x00007ffd498c0000 - 0x00007ffd49aa8000 	C:\WINDOWS\system32\KERNELBASE.dll
0x00007ffd4acd0000 - 0x00007ffd4ad77000 	C:\WINDOWS\system32\ADVAPI32.dll
0x00007ffd49b40000 - 0x00007ffd49bdd000 	C:\WINDOWS\system32\msvcrt.dll
0x00007ffd4ac70000 - 0x00007ffd4accb000 	C:\WINDOWS\system32\sechost.dll
0x00007ffd4c620000 - 0x00007ffd4c73c000 	C:\WINDOWS\system32\RPCRT4.dll
0x00007ffd4a170000 - 0x00007ffd4a2c6000 	C:\WINDOWS\system32\USER32.dll
0x00007ffd49f50000 - 0x00007ffd4a0d6000 	C:\WINDOWS\system32\GDI32.dll
0x00007ffd3db80000 - 0x00007ffd3ddf4000 	C:\WINDOWS\WinSxS\amd64_microsoft.windows.common-controls_6595b64144ccf1df_6.0.10586.0_none_8c15ae12515e1c22\COMCTL32.dll
0x00007ffd4c330000 - 0x00007ffd4c5ad000 	C:\WINDOWS\system32\combase.dll
0x00007ffd49ad0000 - 0x00007ffd49b3a000 	C:\WINDOWS\system32\bcryptPrimitives.dll
0x00007ffd4c2f0000 - 0x00007ffd4c32b000 	C:\WINDOWS\system32\IMM32.DLL
0x0000000057fa0000 - 0x0000000058072000 	C:\Program Files\Java\jdk1.8.0_51\jre\bin\msvcr100.dll
0x0000000057710000 - 0x0000000057f93000 	C:\Program Files\Java\jdk1.8.0_51\jre\bin\server\jvm.dll
0x00007ffd4ad80000 - 0x00007ffd4ad88000 	C:\WINDOWS\system32\PSAPI.DLL
0x00007ffd45880000 - 0x00007ffd45889000 	C:\WINDOWS\SYSTEM32\WSOCK32.dll
0x00007ffd4aa80000 - 0x00007ffd4aaeb000 	C:\WINDOWS\system32\WS2_32.dll
0x00007ffd47550000 - 0x00007ffd47573000 	C:\WINDOWS\SYSTEM32\WINMM.dll
0x00007ffd3be00000 - 0x00007ffd3be0a000 	C:\WINDOWS\SYSTEM32\VERSION.dll
0x00007ffd47350000 - 0x00007ffd4737c000 	C:\WINDOWS\SYSTEM32\WINMMBASE.dll
0x00007ffd48df0000 - 0x00007ffd48e33000 	C:\WINDOWS\system32\cfgmgr32.dll
0x0000000059310000 - 0x000000005931f000 	C:\Program Files\Java\jdk1.8.0_51\jre\bin\verify.dll
0x00000000592e0000 - 0x0000000059309000 	C:\Program Files\Java\jdk1.8.0_51\jre\bin\java.dll
0x00000000592c0000 - 0x00000000592d6000 	C:\Program Files\Java\jdk1.8.0_51\jre\bin\zip.dll
0x00007ffd4ad90000 - 0x00007ffd4c2ec000 	C:\WINDOWS\system32\SHELL32.dll
0x00007ffd49270000 - 0x00007ffd498b4000 	C:\WINDOWS\system32\windows.storage.dll
0x00007ffd49d30000 - 0x00007ffd49d82000 	C:\WINDOWS\system32\shlwapi.dll
0x00007ffd48d70000 - 0x00007ffd48d7f000 	C:\WINDOWS\system32\kernel.appcore.dll
0x00007ffd49150000 - 0x00007ffd49205000 	C:\WINDOWS\system32\shcore.dll
0x00007ffd48da0000 - 0x00007ffd48deb000 	C:\WINDOWS\system32\powrprof.dll
0x00007ffd48d80000 - 0x00007ffd48d94000 	C:\WINDOWS\system32\profapi.dll

VM Arguments:
jvm_args: -Djava.awt.headless=true -Xmx1024M -Dfile.encoding=windows-1251 -Duser.country=RU -Duser.language=ru -Duser.variant 
java_command: com.android.dx.command.Main --dex --force-jumbo --num-threads=4 --multi-dex --output D:\Android_Projects\Shelter\app\build\intermediates\transforms\dex\debug\folders\1000\5\slice_9 D:\Android_Projects\Shelter\app\build\intermediates\transforms\instantRunSlicer\debug\folders\1\5\slice_9
java_class_path (initial): C:\Users\Wald\AppData\Local\Android\sdk\build-tools\25.0.0\lib\dx.jar
Launcher Type: SUN_STANDARD

Environment Variables:
JAVA_HOME=C:\NVPACK\jdk1.7.0_71
PATH=C:\ProgramData\Oracle\Java\javapath;C:\WINDOWS\system32;C:\WINDOWS;C:\WINDOWS\System32\Wbem;C:\WINDOWS\System32\WindowsPowerShell\v1.0\;C:\Program Files (x86)\ATI Technologies\ATI.ACE\Core-Static;C:\Program Files (x86)\AMD\ATI.ACE\Core-Static;C:\Program Files\Java\jdk1.8.0_51;C:\adb;C:\Program Files (x86)\Skype\Phone\;C:\WINDOWS\system32;C:\WINDOWS;C:\WINDOWS\System32\Wbem;C:\WINDOWS\System32\WindowsPowerShell\v1.0\;C:\Users\Wald\AppData\Local\Android\sdk\platform-tools;C:\Users\Wald\AppData\Local\Android\sdk\platform;C:\Users\Wald\AppData\Local\Android\sdk1\platform-tools;C:\Users\Wald\AppData\Local\Android\sdk1\platform;C:\Users\Wald\AppData\Local\Android\sdk;C:\Program Files (x86)\GtkSharp\2.12\bin;C:\SQLite;C:\Program Files\Git\cmd;C:\NVPACK\gradle-2.2.1\bin;C:\NVPACK\apache-ant-1.8.2\bin;C:\NVPACK\jdk1.7.0_71\bin;C:\NVPACK\android-ndk-r11c;C:\NVPACK\android-sdk-windows\build-tools;C:\NVPACK\android-sdk-windows\platform-tools;C:\NVPACK\android-sdk-windows\tools;C:\NVPACK\android-sdk-windows\extras\android\support;C:\Program Files\Java\jdk1.8.0_51
USERNAME=Wald
OS=Windows_NT
PROCESSOR_IDENTIFIER=Intel64 Family 6 Model 69 Stepping 1, GenuineIntel



---------------  S Y S T E M  ---------------

OS: Windows 10.0 , 64 bit Build 10586 (10.0.10586.0)

CPU:total 4 (2 cores per cpu, 2 threads per core) family 6 model 69 stepping 1, cmov, cx8, fxsr, mmx, sse, sse2, sse3, ssse3, sse4.1, sse4.2, popcnt, avx, avx2, aes, clmul, erms, lzcnt, ht, tsc, tscinvbit, bmi1, bmi2

Memory: 4k page, physical 8274284k(1201828k free), swap 8274284k(1224k free)

vm_info: Java HotSpot(TM) 64-Bit Server VM (25.51-b03) for windows-amd64 JRE (1.8.0_51-b16), built on Jun  8 2015 18:03:07 by "java_re" with MS VC++ 10.0 (VS2010)

time: Sat Mar 04 23:18:59 2017
elapsed time: 1 seconds (0d 0h 0m 1s)

